<?xml version="1.0" encoding="UTF-8"?>
<testng-results ignored="0" total="1" passed="1" failed="0" skipped="0">
  <reporter-output>
  </reporter-output>
  <suite started-at="2022-09-04T22:19:34 IST" name="Suite" finished-at="2022-09-04T22:20:36 IST" duration-ms="61999">
    <groups>
    </groups>
    <test started-at="2022-09-04T22:19:34 IST" name="Test" finished-at="2022-09-04T22:20:36 IST" duration-ms="61999">
      <class name="testCases.TC_027_GiftCertificate">
        <test-method is-config="true" signature="setup(java.lang.String)[pri:0, instance:testCases.TC_027_GiftCertificate@6ce139a4]" started-at="2022-09-04T22:19:34 IST" name="setup" finished-at="2022-09-04T22:19:51 IST" duration-ms="16401" status="PASS">
          <params>
            <param index="0">
              <value>
                <![CDATA[chrome]]>
              </value>
            </param>
          </params>
          <reporter-output>
          </reporter-output>
        </test-method> <!-- setup -->
        <test-method signature="test_GiftCertificate()[pri:0, instance:testCases.TC_027_GiftCertificate@6ce139a4]" started-at="2022-09-04T22:19:51 IST" name="test_GiftCertificate" finished-at="2022-09-04T22:20:35 IST" duration-ms="44185" status="PASS">
          <reporter-output>
          </reporter-output>
        </test-method> <!-- test_GiftCertificate -->
        <test-method is-config="true" signature="teadDown()[pri:0, instance:testCases.TC_027_GiftCertificate@6ce139a4]" started-at="2022-09-04T22:20:35 IST" name="teadDown" finished-at="2022-09-04T22:20:36 IST" duration-ms="423" status="PASS">
          <reporter-output>
          </reporter-output>
        </test-method> <!-- teadDown -->
      </class> <!-- testCases.TC_027_GiftCertificate -->
    </test> <!-- Test -->
  </suite> <!-- Suite -->
</testng-results>
