<?xml version="1.0" encoding="UTF-8"?>
<testng-results ignored="0" total="2" passed="2" failed="0" skipped="0">
  <reporter-output>
  </reporter-output>
  <suite started-at="2022-12-04T13:03:41 IST" name="Default suite" finished-at="2022-12-04T13:03:59 IST" duration-ms="17630">
    <groups>
    </groups>
    <test started-at="2022-12-04T13:03:41 IST" name="Default test" finished-at="2022-12-04T13:03:59 IST" duration-ms="17630">
      <class name="day40.LoginTest">
        <test-method is-config="true" signature="setup()[pri:0, instance:day40.LoginTest@2d1ef81a]" started-at="2022-12-04T13:03:41 IST" name="setup" finished-at="2022-12-04T13:03:55 IST" duration-ms="13748" status="PASS">
          <reporter-output>
          </reporter-output>
        </test-method> <!-- setup -->
        <test-method signature="test_Logo()[pri:1, instance:day40.LoginTest@2d1ef81a]" started-at="2022-12-04T13:03:55 IST" name="test_Logo" finished-at="2022-12-04T13:03:56 IST" duration-ms="1191" status="PASS">
          <reporter-output>
          </reporter-output>
        </test-method> <!-- test_Logo -->
        <test-method signature="test_Login()[pri:2, instance:day40.LoginTest@2d1ef81a]" started-at="2022-12-04T13:03:56 IST" name="test_Login" finished-at="2022-12-04T13:03:59 IST" duration-ms="2241" status="PASS">
          <reporter-output>
          </reporter-output>
        </test-method> <!-- test_Login -->
        <test-method is-config="true" signature="tearDown()[pri:0, instance:day40.LoginTest@2d1ef81a]" started-at="2022-12-04T13:03:59 IST" name="tearDown" finished-at="2022-12-04T13:03:59 IST" duration-ms="359" status="PASS">
          <reporter-output>
          </reporter-output>
        </test-method> <!-- tearDown -->
      </class> <!-- day40.LoginTest -->
    </test> <!-- Default test -->
  </suite> <!-- Default suite -->
</testng-results>
