<?xml version="1.0" encoding="UTF-8"?>
<testng-results ignored="0" total="29" passed="29" failed="0" skipped="0">
  <reporter-output>
  </reporter-output>
  <suite started-at="2022-09-05T08:26:46 IST" name="Suite" finished-at="2022-09-05T08:42:26 IST" duration-ms="939530">
    <groups>
      <group name="ddt">
        <method signature="TC_003_LoginDDT.test_LoginDDT(java.lang.String, java.lang.String, java.lang.String)[pri:0, instance:testCases.TC_003_LoginDDT@7193666c]" name="test_LoginDDT" class="testCases.TC_003_LoginDDT"/>
      </group> <!-- ddt -->
      <group name="regression">
        <method signature="TC_001_AccountRegistrationPage.test_Account_Registration()[pri:0, instance:testCases.TC_001_AccountRegistrationPage@6a192cfe]" name="test_Account_Registration" class="testCases.TC_001_AccountRegistrationPage"/>
      </group> <!-- regression -->
      <group name="sanity">
        <method signature="TC_002_Login.test_Login()[pri:0, instance:testCases.TC_002_Login@5119fb47]" name="test_Login" class="testCases.TC_002_Login"/>
      </group> <!-- sanity -->
      <group name="master">
        <method signature="TC_001_AccountRegistrationPage.test_Account_Registration()[pri:0, instance:testCases.TC_001_AccountRegistrationPage@6a192cfe]" name="test_Account_Registration" class="testCases.TC_001_AccountRegistrationPage"/>
        <method signature="TC_002_Login.test_Login()[pri:0, instance:testCases.TC_002_Login@5119fb47]" name="test_Login" class="testCases.TC_002_Login"/>
      </group> <!-- master -->
    </groups>
    <test started-at="2022-09-05T08:26:46 IST" name="Test" finished-at="2022-09-05T08:42:26 IST" duration-ms="939530">
      <class name="testCases.TC_022_NewsLetter">
        <test-method is-config="true" signature="setup(java.lang.String)[pri:0, instance:testCases.TC_022_NewsLetter@40ef3420]" started-at="2022-09-05T08:39:38 IST" name="setup" finished-at="2022-09-05T08:39:40 IST" duration-ms="2908" status="PASS">
          <params>
            <param index="0">
              <value>
                <![CDATA[chrome]]>
              </value>
            </param>
          </params>
          <reporter-output>
          </reporter-output>
        </test-method> <!-- setup -->
        <test-method signature="test_NewsLetter()[pri:0, instance:testCases.TC_022_NewsLetter@40ef3420]" started-at="2022-09-05T08:39:40 IST" name="test_NewsLetter" finished-at="2022-09-05T08:40:02 IST" duration-ms="21753" status="PASS">
          <reporter-output>
          </reporter-output>
        </test-method> <!-- test_NewsLetter -->
        <test-method is-config="true" signature="teadDown()[pri:0, instance:testCases.TC_022_NewsLetter@40ef3420]" started-at="2022-09-05T08:40:02 IST" name="teadDown" finished-at="2022-09-05T08:40:03 IST" duration-ms="352" status="PASS">
          <reporter-output>
          </reporter-output>
        </test-method> <!-- teadDown -->
      </class> <!-- testCases.TC_022_NewsLetter -->
      <class name="testCases.TC_012_MyAccount">
        <test-method is-config="true" signature="setup(java.lang.String)[pri:0, instance:testCases.TC_012_MyAccount@55b7a4e0]" started-at="2022-09-05T08:35:10 IST" name="setup" finished-at="2022-09-05T08:35:13 IST" duration-ms="3108" status="PASS">
          <params>
            <param index="0">
              <value>
                <![CDATA[chrome]]>
              </value>
            </param>
          </params>
          <reporter-output>
          </reporter-output>
        </test-method> <!-- setup -->
        <test-method signature="test_MyAccount()[pri:0, instance:testCases.TC_012_MyAccount@55b7a4e0]" started-at="2022-09-05T08:35:13 IST" name="test_MyAccount" finished-at="2022-09-05T08:35:46 IST" duration-ms="33077" status="PASS">
          <reporter-output>
          </reporter-output>
        </test-method> <!-- test_MyAccount -->
        <test-method is-config="true" signature="teadDown()[pri:0, instance:testCases.TC_012_MyAccount@55b7a4e0]" started-at="2022-09-05T08:35:46 IST" name="teadDown" finished-at="2022-09-05T08:35:46 IST" duration-ms="437" status="PASS">
          <reporter-output>
          </reporter-output>
        </test-method> <!-- teadDown -->
      </class> <!-- testCases.TC_012_MyAccount -->
      <class name="testCases.TC_004_Search">
        <test-method is-config="true" signature="setup(java.lang.String)[pri:0, instance:testCases.TC_004_Search@20deea7f]" started-at="2022-09-05T08:29:35 IST" name="setup" finished-at="2022-09-05T08:29:37 IST" duration-ms="2713" status="PASS">
          <params>
            <param index="0">
              <value>
                <![CDATA[chrome]]>
              </value>
            </param>
          </params>
          <reporter-output>
          </reporter-output>
        </test-method> <!-- setup -->
        <test-method signature="test_search()[pri:0, instance:testCases.TC_004_Search@20deea7f]" started-at="2022-09-05T08:29:37 IST" name="test_search" finished-at="2022-09-05T08:30:04 IST" duration-ms="26133" status="PASS">
          <reporter-output>
          </reporter-output>
        </test-method> <!-- test_search -->
        <test-method is-config="true" signature="teadDown()[pri:0, instance:testCases.TC_004_Search@20deea7f]" started-at="2022-09-05T08:30:04 IST" name="teadDown" finished-at="2022-09-05T08:30:06 IST" duration-ms="1944" status="PASS">
          <reporter-output>
          </reporter-output>
        </test-method> <!-- teadDown -->
      </class> <!-- testCases.TC_004_Search -->
      <class name="testCases.TC_014_ChangePassword">
        <test-method is-config="true" signature="setup(java.lang.String)[pri:0, instance:testCases.TC_014_ChangePassword@192d43ce]" started-at="2022-09-05T08:36:15 IST" name="setup" finished-at="2022-09-05T08:36:18 IST" duration-ms="2874" status="PASS">
          <params>
            <param index="0">
              <value>
                <![CDATA[chrome]]>
              </value>
            </param>
          </params>
          <reporter-output>
          </reporter-output>
        </test-method> <!-- setup -->
        <test-method signature="test_Change_password()[pri:0, instance:testCases.TC_014_ChangePassword@192d43ce]" started-at="2022-09-05T08:36:18 IST" name="test_Change_password" finished-at="2022-09-05T08:36:52 IST" duration-ms="34231" status="PASS">
          <reporter-output>
          </reporter-output>
        </test-method> <!-- test_Change_password -->
        <test-method is-config="true" signature="teadDown()[pri:0, instance:testCases.TC_014_ChangePassword@192d43ce]" started-at="2022-09-05T08:36:52 IST" name="teadDown" finished-at="2022-09-05T08:36:55 IST" duration-ms="2471" status="PASS">
          <reporter-output>
          </reporter-output>
        </test-method> <!-- teadDown -->
      </class> <!-- testCases.TC_014_ChangePassword -->
      <class name="testCases.TC_013_MyAccountInformation">
        <test-method is-config="true" signature="setup(java.lang.String)[pri:0, instance:testCases.TC_013_MyAccountInformation@5f058f00]" started-at="2022-09-05T08:35:46 IST" name="setup" finished-at="2022-09-05T08:35:48 IST" duration-ms="2012" status="PASS">
          <params>
            <param index="0">
              <value>
                <![CDATA[chrome]]>
              </value>
            </param>
          </params>
          <reporter-output>
          </reporter-output>
        </test-method> <!-- setup -->
        <test-method signature="test_MyAccountInformation()[pri:0, instance:testCases.TC_013_MyAccountInformation@5f058f00]" started-at="2022-09-05T08:35:48 IST" name="test_MyAccountInformation" finished-at="2022-09-05T08:36:15 IST" duration-ms="26682" status="PASS">
          <reporter-output>
          </reporter-output>
        </test-method> <!-- test_MyAccountInformation -->
        <test-method is-config="true" signature="teadDown()[pri:0, instance:testCases.TC_013_MyAccountInformation@5f058f00]" started-at="2022-09-05T08:36:15 IST" name="teadDown" finished-at="2022-09-05T08:36:15 IST" duration-ms="147" status="PASS">
          <reporter-output>
          </reporter-output>
        </test-method> <!-- teadDown -->
      </class> <!-- testCases.TC_013_MyAccountInformation -->
      <class name="testCases.TC_027_GiftCertificate">
        <test-method is-config="true" signature="setup(java.lang.String)[pri:0, instance:testCases.TC_027_GiftCertificate@795cd85e]" started-at="2022-09-05T08:41:43 IST" name="setup" finished-at="2022-09-05T08:41:46 IST" duration-ms="3300" status="PASS">
          <params>
            <param index="0">
              <value>
                <![CDATA[chrome]]>
              </value>
            </param>
          </params>
          <reporter-output>
          </reporter-output>
        </test-method> <!-- setup -->
        <test-method signature="test_GiftCertificate()[pri:0, instance:testCases.TC_027_GiftCertificate@795cd85e]" started-at="2022-09-05T08:41:46 IST" name="test_GiftCertificate" finished-at="2022-09-05T08:42:25 IST" duration-ms="39292" status="PASS">
          <reporter-output>
          </reporter-output>
        </test-method> <!-- test_GiftCertificate -->
        <test-method is-config="true" signature="teadDown()[pri:0, instance:testCases.TC_027_GiftCertificate@795cd85e]" started-at="2022-09-05T08:42:25 IST" name="teadDown" finished-at="2022-09-05T08:42:26 IST" duration-ms="556" status="PASS">
          <reporter-output>
          </reporter-output>
        </test-method> <!-- teadDown -->
      </class> <!-- testCases.TC_027_GiftCertificate -->
      <class name="testCases.TC_019_ReturnRequest">
        <test-method is-config="true" signature="setup(java.lang.String)[pri:0, instance:testCases.TC_019_ReturnRequest@43195e57]" started-at="2022-09-05T08:38:39 IST" name="setup" finished-at="2022-09-05T08:38:41 IST" duration-ms="1923" status="PASS">
          <params>
            <param index="0">
              <value>
                <![CDATA[chrome]]>
              </value>
            </param>
          </params>
          <reporter-output>
          </reporter-output>
        </test-method> <!-- setup -->
        <test-method signature="test_ReturnRequest()[pri:0, instance:testCases.TC_019_ReturnRequest@43195e57]" started-at="2022-09-05T08:38:41 IST" name="test_ReturnRequest" finished-at="2022-09-05T08:38:59 IST" duration-ms="17621" status="PASS">
          <reporter-output>
          </reporter-output>
        </test-method> <!-- test_ReturnRequest -->
        <test-method is-config="true" signature="teadDown()[pri:0, instance:testCases.TC_019_ReturnRequest@43195e57]" started-at="2022-09-05T08:38:59 IST" name="teadDown" finished-at="2022-09-05T08:38:59 IST" duration-ms="208" status="PASS">
          <reporter-output>
          </reporter-output>
        </test-method> <!-- teadDown -->
      </class> <!-- testCases.TC_019_ReturnRequest -->
      <class name="testCases.TC_003_LoginDDT">
        <test-method is-config="true" signature="setup(java.lang.String)[pri:0, instance:testCases.TC_003_LoginDDT@7193666c]" started-at="2022-09-05T08:28:33 IST" name="setup" finished-at="2022-09-05T08:28:35 IST" duration-ms="2088" status="PASS">
          <params>
            <param index="0">
              <value>
                <![CDATA[chrome]]>
              </value>
            </param>
          </params>
          <reporter-output>
          </reporter-output>
        </test-method> <!-- setup -->
        <test-method signature="test_LoginDDT(java.lang.String, java.lang.String, java.lang.String)[pri:0, instance:testCases.TC_003_LoginDDT@7193666c]" started-at="2022-09-05T08:28:44 IST" name="test_LoginDDT" data-provider="LoginData" finished-at="2022-09-05T08:28:53 IST" duration-ms="9272" status="PASS">
          <params>
            <param index="0">
              <value>
                <![CDATA[onkarpatil1234@gmail.com]]>
              </value>
            </param>
            <param index="1">
              <value>
                <![CDATA[Onkar@1234]]>
              </value>
            </param>
            <param index="2">
              <value>
                <![CDATA[Valid]]>
              </value>
            </param>
          </params>
          <reporter-output>
          </reporter-output>
        </test-method> <!-- test_LoginDDT -->
        <test-method signature="test_LoginDDT(java.lang.String, java.lang.String, java.lang.String)[pri:0, instance:testCases.TC_003_LoginDDT@7193666c]" started-at="2022-09-05T08:28:53 IST" name="test_LoginDDT" data-provider="LoginData" finished-at="2022-09-05T08:29:08 IST" duration-ms="14619" status="PASS">
          <params>
            <param index="0">
              <value>
                <![CDATA[onkarpatil1234@gmail.com]]>
              </value>
            </param>
            <param index="1">
              <value>
                <![CDATA[Onkar]]>
              </value>
            </param>
            <param index="2">
              <value>
                <![CDATA[Invalid]]>
              </value>
            </param>
          </params>
          <reporter-output>
          </reporter-output>
        </test-method> <!-- test_LoginDDT -->
        <test-method signature="test_LoginDDT(java.lang.String, java.lang.String, java.lang.String)[pri:0, instance:testCases.TC_003_LoginDDT@7193666c]" started-at="2022-09-05T08:29:08 IST" name="test_LoginDDT" data-provider="LoginData" finished-at="2022-09-05T08:29:22 IST" duration-ms="13866" status="PASS">
          <params>
            <param index="0">
              <value>
                <![CDATA[onkarpatil@gmail.com]]>
              </value>
            </param>
            <param index="1">
              <value>
                <![CDATA[Onkar@1234]]>
              </value>
            </param>
            <param index="2">
              <value>
                <![CDATA[Invalid]]>
              </value>
            </param>
          </params>
          <reporter-output>
          </reporter-output>
        </test-method> <!-- test_LoginDDT -->
        <test-method signature="test_LoginDDT(java.lang.String, java.lang.String, java.lang.String)[pri:0, instance:testCases.TC_003_LoginDDT@7193666c]" started-at="2022-09-05T08:29:22 IST" name="test_LoginDDT" data-provider="LoginData" finished-at="2022-09-05T08:29:35 IST" duration-ms="12818" status="PASS">
          <params>
            <param index="0">
              <value>
                <![CDATA[onkarpatil@gmail.com]]>
              </value>
            </param>
            <param index="1">
              <value>
                <![CDATA[Onkar]]>
              </value>
            </param>
            <param index="2">
              <value>
                <![CDATA[Invalid]]>
              </value>
            </param>
          </params>
          <reporter-output>
          </reporter-output>
        </test-method> <!-- test_LoginDDT -->
        <test-method is-config="true" signature="teadDown()[pri:0, instance:testCases.TC_003_LoginDDT@7193666c]" started-at="2022-09-05T08:29:35 IST" name="teadDown" finished-at="2022-09-05T08:29:35 IST" duration-ms="200" status="PASS">
          <reporter-output>
          </reporter-output>
        </test-method> <!-- teadDown -->
      </class> <!-- testCases.TC_003_LoginDDT -->
      <class name="testCases.TC_016_Order_History">
        <test-method is-config="true" signature="setup(java.lang.String)[pri:0, instance:testCases.TC_016_Order_History@1afd44cb]" started-at="2022-09-05T08:37:29 IST" name="setup" finished-at="2022-09-05T08:37:31 IST" duration-ms="2007" status="PASS">
          <params>
            <param index="0">
              <value>
                <![CDATA[chrome]]>
              </value>
            </param>
          </params>
          <reporter-output>
          </reporter-output>
        </test-method> <!-- setup -->
        <test-method signature="test_Order_History()[pri:0, instance:testCases.TC_016_Order_History@1afd44cb]" started-at="2022-09-05T08:37:31 IST" name="test_Order_History" finished-at="2022-09-05T08:37:58 IST" duration-ms="27261" status="PASS">
          <reporter-output>
          </reporter-output>
        </test-method> <!-- test_Order_History -->
        <test-method is-config="true" signature="teadDown()[pri:0, instance:testCases.TC_016_Order_History@1afd44cb]" started-at="2022-09-05T08:37:58 IST" name="teadDown" finished-at="2022-09-05T08:37:58 IST" duration-ms="288" status="PASS">
          <reporter-output>
          </reporter-output>
        </test-method> <!-- teadDown -->
      </class> <!-- testCases.TC_016_Order_History -->
      <class name="testCases.TC_015_AddressBook">
        <test-method is-config="true" signature="setup(java.lang.String)[pri:0, instance:testCases.TC_015_AddressBook@72057ecf]" started-at="2022-09-05T08:36:55 IST" name="setup" finished-at="2022-09-05T08:36:57 IST" duration-ms="2338" status="PASS">
          <params>
            <param index="0">
              <value>
                <![CDATA[chrome]]>
              </value>
            </param>
          </params>
          <reporter-output>
          </reporter-output>
        </test-method> <!-- setup -->
        <test-method signature="test_AddressBook()[pri:0, instance:testCases.TC_015_AddressBook@72057ecf]" started-at="2022-09-05T08:36:57 IST" name="test_AddressBook" finished-at="2022-09-05T08:37:28 IST" duration-ms="31156" status="PASS">
          <reporter-output>
          </reporter-output>
        </test-method> <!-- test_AddressBook -->
        <test-method is-config="true" signature="teadDown()[pri:0, instance:testCases.TC_015_AddressBook@72057ecf]" started-at="2022-09-05T08:37:28 IST" name="teadDown" finished-at="2022-09-05T08:37:29 IST" duration-ms="474" status="PASS">
          <reporter-output>
          </reporter-output>
        </test-method> <!-- teadDown -->
      </class> <!-- testCases.TC_015_AddressBook -->
      <class name="testCases.TC_001_AccountRegistrationPage">
        <test-method is-config="true" signature="setup(java.lang.String)[pri:0, instance:testCases.TC_001_AccountRegistrationPage@6a192cfe]" started-at="2022-09-05T08:26:47 IST" name="setup" finished-at="2022-09-05T08:27:07 IST" duration-ms="20055" status="PASS">
          <params>
            <param index="0">
              <value>
                <![CDATA[chrome]]>
              </value>
            </param>
          </params>
          <reporter-output>
          </reporter-output>
        </test-method> <!-- setup -->
        <test-method signature="test_Account_Registration()[pri:0, instance:testCases.TC_001_AccountRegistrationPage@6a192cfe]" started-at="2022-09-05T08:27:07 IST" name="test_Account_Registration" finished-at="2022-09-05T08:27:59 IST" duration-ms="51791" status="PASS">
          <reporter-output>
          </reporter-output>
        </test-method> <!-- test_Account_Registration -->
        <test-method is-config="true" signature="teadDown()[pri:0, instance:testCases.TC_001_AccountRegistrationPage@6a192cfe]" started-at="2022-09-05T08:27:59 IST" name="teadDown" finished-at="2022-09-05T08:28:01 IST" duration-ms="1086" status="PASS">
          <reporter-output>
          </reporter-output>
        </test-method> <!-- teadDown -->
      </class> <!-- testCases.TC_001_AccountRegistrationPage -->
      <class name="testCases.TC_021_RecurringPayment">
        <test-method is-config="true" signature="setup(java.lang.String)[pri:0, instance:testCases.TC_021_RecurringPayment@479d31f3]" started-at="2022-09-05T08:39:19 IST" name="setup" finished-at="2022-09-05T08:39:21 IST" duration-ms="1891" status="PASS">
          <params>
            <param index="0">
              <value>
                <![CDATA[chrome]]>
              </value>
            </param>
          </params>
          <reporter-output>
          </reporter-output>
        </test-method> <!-- setup -->
        <test-method signature="test_RecurringPayment()[pri:0, instance:testCases.TC_021_RecurringPayment@479d31f3]" started-at="2022-09-05T08:39:21 IST" name="test_RecurringPayment" finished-at="2022-09-05T08:39:37 IST" duration-ms="16632" status="PASS">
          <reporter-output>
          </reporter-output>
        </test-method> <!-- test_RecurringPayment -->
        <test-method is-config="true" signature="teadDown()[pri:0, instance:testCases.TC_021_RecurringPayment@479d31f3]" started-at="2022-09-05T08:39:37 IST" name="teadDown" finished-at="2022-09-05T08:39:38 IST" duration-ms="172" status="PASS">
          <reporter-output>
          </reporter-output>
        </test-method> <!-- teadDown -->
      </class> <!-- testCases.TC_021_RecurringPayment -->
      <class name="testCases.TC_010_ShoppingCart">
        <test-method is-config="true" signature="setup(java.lang.String)[pri:0, instance:testCases.TC_010_ShoppingCart@56620197]" started-at="2022-09-05T08:32:56 IST" name="setup" finished-at="2022-09-05T08:32:58 IST" duration-ms="1866" status="PASS">
          <params>
            <param index="0">
              <value>
                <![CDATA[chrome]]>
              </value>
            </param>
          </params>
          <reporter-output>
          </reporter-output>
        </test-method> <!-- setup -->
        <test-method signature="test_ShoppingCart()[pri:0, instance:testCases.TC_010_ShoppingCart@56620197]" started-at="2022-09-05T08:32:58 IST" name="test_ShoppingCart" finished-at="2022-09-05T08:34:16 IST" duration-ms="78317" status="PASS">
          <reporter-output>
          </reporter-output>
        </test-method> <!-- test_ShoppingCart -->
        <test-method is-config="true" signature="teadDown()[pri:0, instance:testCases.TC_010_ShoppingCart@56620197]" started-at="2022-09-05T08:34:16 IST" name="teadDown" finished-at="2022-09-05T08:34:17 IST" duration-ms="238" status="PASS">
          <reporter-output>
          </reporter-output>
        </test-method> <!-- teadDown -->
      </class> <!-- testCases.TC_010_ShoppingCart -->
      <class name="testCases.TC_011_Checkout">
        <test-method is-config="true" signature="setup(java.lang.String)[pri:0, instance:testCases.TC_011_Checkout@6eda5c9]" started-at="2022-09-05T08:34:17 IST" name="setup" finished-at="2022-09-05T08:34:20 IST" duration-ms="2924" status="PASS">
          <params>
            <param index="0">
              <value>
                <![CDATA[chrome]]>
              </value>
            </param>
          </params>
          <reporter-output>
          </reporter-output>
        </test-method> <!-- setup -->
        <test-method signature="test_Checkout()[pri:0, instance:testCases.TC_011_Checkout@6eda5c9]" started-at="2022-09-05T08:34:20 IST" name="test_Checkout" finished-at="2022-09-05T08:35:10 IST" duration-ms="50082" status="PASS">
          <reporter-output>
          </reporter-output>
        </test-method> <!-- test_Checkout -->
        <test-method is-config="true" signature="teadDown()[pri:0, instance:testCases.TC_011_Checkout@6eda5c9]" started-at="2022-09-05T08:35:10 IST" name="teadDown" finished-at="2022-09-05T08:35:10 IST" duration-ms="28" status="FAIL">
          <exception class="org.openqa.selenium.UnhandledAlertException">
            <message>
              <![CDATA[unexpected alert open: {Alert text : SyntaxError: Unexpected token '<', "<b>Warning"... is not valid JSON
OK
<b>Warning</b>: mail(): Failed to connect to mailserver at &quot;localhost&quot; port 25, verify your &quot;SMTP&quot; and &quot;smtp_port&quot; setting in php.ini or use ini_set() in <b>C:\xampp\htdocs\opencart\upload\system\library\mail\mail.php</b> on line <b>77</b><b>Warning</b>: mail(): Failed to connect to mailserver at &quot;localhost&quot; port 25, verify your &quot;SMTP&quot; and &quot;smtp_port&quot; setting in php.ini or use ini_set() in <b>C:\xampp\htdocs\opencart\upload\system\library\mail\mail.php</b> on line <b>77</b>{"redirect":"http:\/\/localhost\/opencart\/upload\/index.php?route=checkout\/success"}}
  (Session info: chrome=104.0.5112.102): SyntaxError: Unexpected token '<', "<b>Warning"... is not valid JSON
OK
<b>Warning</b>: mail(): Failed to connect to mailserver at &quot;localhost&quot; port 25, verify your &quot;SMTP&quot; and &quot;smtp_port&quot; setting in php.ini or use ini_set() in <b>C:\xampp\htdocs\opencart\upload\system\library\mail\mail.php</b> on line <b>77</b><b>Warning</b>: mail(): Failed to connect to mailserver at &quot;localhost&quot; port 25, verify your &quot;SMTP&quot; and &quot;smtp_port&quot; setting in php.ini or use ini_set() in <b>C:\xampp\htdocs\opencart\upload\system\library\mail\mail.php</b> on line <b>77</b>{"redirect":"http:\/\/localhost\/opencart\/upload\/index.php?route=checkout\/success"}
Build info: version: '4.1.4', revision: '535d840ee2'
System info: host: 'DESKTOP-QUHMG70', ip: '192.168.250.176', os.name: 'Windows 10', os.arch: 'amd64', os.version: '10.0', java.version: '17.0.2'
Driver info: org.openqa.selenium.chrome.ChromeDriver
Command: [45c5fcc23fb05d4e058f33ffd393607e, close {}]
Capabilities {acceptInsecureCerts: false, browserName: chrome, browserVersion: 104.0.5112.102, chrome: {chromedriverVersion: 104.0.5112.79 (3cf3e8c8a07d..., userDataDir: C:\Users\Hp\AppData\Local\T...}, goog:chromeOptions: {debuggerAddress: localhost:25388}, javascriptEnabled: true, networkConnectionEnabled: false, pageLoadStrategy: normal, platform: WINDOWS, platformName: WINDOWS, proxy: Proxy(), se:cdp: ws://localhost:25388/devtoo..., se:cdpVersion: 104.0.5112.102, setWindowRect: true, strictFileInteractability: false, timeouts: {implicit: 0, pageLoad: 300000, script: 30000}, unhandledPromptBehavior: dismiss and notify, webauthn:extension:credBlob: true, webauthn:extension:largeBlob: true, webauthn:virtualAuthenticators: true}
Session ID: 45c5fcc23fb05d4e058f33ffd393607e]]>
            </message>
            <full-stacktrace>
              <![CDATA[org.openqa.selenium.UnhandledAlertException: unexpected alert open: {Alert text : SyntaxError: Unexpected token '<', "<b>Warning"... is not valid JSON
OK
<b>Warning</b>: mail(): Failed to connect to mailserver at &quot;localhost&quot; port 25, verify your &quot;SMTP&quot; and &quot;smtp_port&quot; setting in php.ini or use ini_set() in <b>C:\xampp\htdocs\opencart\upload\system\library\mail\mail.php</b> on line <b>77</b><b>Warning</b>: mail(): Failed to connect to mailserver at &quot;localhost&quot; port 25, verify your &quot;SMTP&quot; and &quot;smtp_port&quot; setting in php.ini or use ini_set() in <b>C:\xampp\htdocs\opencart\upload\system\library\mail\mail.php</b> on line <b>77</b>{"redirect":"http:\/\/localhost\/opencart\/upload\/index.php?route=checkout\/success"}}
  (Session info: chrome=104.0.5112.102): SyntaxError: Unexpected token '<', "<b>Warning"... is not valid JSON
OK
<b>Warning</b>: mail(): Failed to connect to mailserver at &quot;localhost&quot; port 25, verify your &quot;SMTP&quot; and &quot;smtp_port&quot; setting in php.ini or use ini_set() in <b>C:\xampp\htdocs\opencart\upload\system\library\mail\mail.php</b> on line <b>77</b><b>Warning</b>: mail(): Failed to connect to mailserver at &quot;localhost&quot; port 25, verify your &quot;SMTP&quot; and &quot;smtp_port&quot; setting in php.ini or use ini_set() in <b>C:\xampp\htdocs\opencart\upload\system\library\mail\mail.php</b> on line <b>77</b>{"redirect":"http:\/\/localhost\/opencart\/upload\/index.php?route=checkout\/success"}
Build info: version: '4.1.4', revision: '535d840ee2'
System info: host: 'DESKTOP-QUHMG70', ip: '192.168.250.176', os.name: 'Windows 10', os.arch: 'amd64', os.version: '10.0', java.version: '17.0.2'
Driver info: org.openqa.selenium.chrome.ChromeDriver
Command: [45c5fcc23fb05d4e058f33ffd393607e, close {}]
Capabilities {acceptInsecureCerts: false, browserName: chrome, browserVersion: 104.0.5112.102, chrome: {chromedriverVersion: 104.0.5112.79 (3cf3e8c8a07d..., userDataDir: C:\Users\Hp\AppData\Local\T...}, goog:chromeOptions: {debuggerAddress: localhost:25388}, javascriptEnabled: true, networkConnectionEnabled: false, pageLoadStrategy: normal, platform: WINDOWS, platformName: WINDOWS, proxy: Proxy(), se:cdp: ws://localhost:25388/devtoo..., se:cdpVersion: 104.0.5112.102, setWindowRect: true, strictFileInteractability: false, timeouts: {implicit: 0, pageLoad: 300000, script: 30000}, unhandledPromptBehavior: dismiss and notify, webauthn:extension:credBlob: true, webauthn:extension:largeBlob: true, webauthn:virtualAuthenticators: true}
Session ID: 45c5fcc23fb05d4e058f33ffd393607e
at org.openqa.selenium.remote.codec.w3c.W3CHttpResponseCodec.decode(W3CHttpResponseCodec.java:131)
at org.openqa.selenium.remote.codec.w3c.W3CHttpResponseCodec.decode(W3CHttpResponseCodec.java:53)
at org.openqa.selenium.remote.HttpCommandExecutor.execute(HttpCommandExecutor.java:184)
at org.openqa.selenium.remote.service.DriverCommandExecutor.invokeExecute(DriverCommandExecutor.java:167)
at org.openqa.selenium.remote.service.DriverCommandExecutor.execute(DriverCommandExecutor.java:142)
at org.openqa.selenium.remote.RemoteWebDriver.execute(RemoteWebDriver.java:567)
at org.openqa.selenium.remote.RemoteWebDriver.execute(RemoteWebDriver.java:622)
at org.openqa.selenium.remote.RemoteWebDriver.execute(RemoteWebDriver.java:626)
at org.openqa.selenium.remote.RemoteWebDriver.close(RemoteWebDriver.java:452)
at testBase.BaseClass.teadDown(BaseClass.java:68)
at java.base/jdk.internal.reflect.NativeMethodAccessorImpl.invoke0(Native Method)
at java.base/jdk.internal.reflect.NativeMethodAccessorImpl.invoke(NativeMethodAccessorImpl.java:77)
at java.base/jdk.internal.reflect.DelegatingMethodAccessorImpl.invoke(DelegatingMethodAccessorImpl.java:43)
at java.base/java.lang.reflect.Method.invoke(Method.java:568)
at org.testng.internal.MethodInvocationHelper.invokeMethod(MethodInvocationHelper.java:133)
at org.testng.internal.MethodInvocationHelper.invokeMethodConsideringTimeout(MethodInvocationHelper.java:62)
at org.testng.internal.ConfigInvoker.invokeConfigurationMethod(ConfigInvoker.java:340)
at org.testng.internal.ConfigInvoker.invokeConfigurations(ConfigInvoker.java:294)
at org.testng.internal.TestMethodWorker.invokeAfterClassMethods(TestMethodWorker.java:217)
at org.testng.internal.TestMethodWorker.run(TestMethodWorker.java:130)
at java.base/java.util.ArrayList.forEach(ArrayList.java:1511)
at org.testng.TestRunner.privateRun(TestRunner.java:770)
at org.testng.TestRunner.run(TestRunner.java:591)
at org.testng.SuiteRunner.runTest(SuiteRunner.java:402)
at org.testng.SuiteRunner.runSequentially(SuiteRunner.java:396)
at org.testng.SuiteRunner.privateRun(SuiteRunner.java:355)
at org.testng.SuiteRunner.run(SuiteRunner.java:304)
at org.testng.SuiteRunnerWorker.runSuite(SuiteRunnerWorker.java:53)
at org.testng.SuiteRunnerWorker.run(SuiteRunnerWorker.java:96)
at org.testng.TestNG.runSuitesSequentially(TestNG.java:1180)
at org.testng.TestNG.runSuitesLocally(TestNG.java:1102)
at org.testng.TestNG.runSuites(TestNG.java:1032)
at org.testng.TestNG.run(TestNG.java:1000)
at org.testng.remote.AbstractRemoteTestNG.run(AbstractRemoteTestNG.java:115)
at org.testng.remote.RemoteTestNG.initAndRun(RemoteTestNG.java:251)
at org.testng.remote.RemoteTestNG.main(RemoteTestNG.java:77)
]]>
            </full-stacktrace>
          </exception> <!-- org.openqa.selenium.UnhandledAlertException -->
          <reporter-output>
          </reporter-output>
        </test-method> <!-- teadDown -->
      </class> <!-- testCases.TC_011_Checkout -->
      <class name="testCases.TC_005_Forgot_Password">
        <test-method is-config="true" signature="setup(java.lang.String)[pri:0, instance:testCases.TC_005_Forgot_Password@3835c46]" started-at="2022-09-05T08:30:06 IST" name="setup" finished-at="2022-09-05T08:30:07 IST" duration-ms="1946" status="PASS">
          <params>
            <param index="0">
              <value>
                <![CDATA[chrome]]>
              </value>
            </param>
          </params>
          <reporter-output>
          </reporter-output>
        </test-method> <!-- setup -->
        <test-method signature="test_Forgot_Password()[pri:0, instance:testCases.TC_005_Forgot_Password@3835c46]" started-at="2022-09-05T08:30:07 IST" name="test_Forgot_Password" finished-at="2022-09-05T08:30:37 IST" duration-ms="29684" status="PASS">
          <reporter-output>
          </reporter-output>
        </test-method> <!-- test_Forgot_Password -->
        <test-method is-config="true" signature="teadDown()[pri:0, instance:testCases.TC_005_Forgot_Password@3835c46]" started-at="2022-09-05T08:30:37 IST" name="teadDown" finished-at="2022-09-05T08:30:37 IST" duration-ms="316" status="PASS">
          <reporter-output>
          </reporter-output>
        </test-method> <!-- teadDown -->
      </class> <!-- testCases.TC_005_Forgot_Password -->
      <class name="testCases.TC_025_FooterOption">
        <test-method is-config="true" signature="setup(java.lang.String)[pri:0, instance:testCases.TC_025_FooterOption@402bba4f]" started-at="2022-09-05T08:41:15 IST" name="setup" finished-at="2022-09-05T08:41:16 IST" duration-ms="1759" status="PASS">
          <params>
            <param index="0">
              <value>
                <![CDATA[chrome]]>
              </value>
            </param>
          </params>
          <reporter-output>
          </reporter-output>
        </test-method> <!-- setup -->
        <test-method signature="test_FooterOption()[pri:0, instance:testCases.TC_025_FooterOption@402bba4f]" started-at="2022-09-05T08:41:16 IST" name="test_FooterOption" finished-at="2022-09-05T08:41:41 IST" duration-ms="25093" status="PASS">
          <reporter-output>
          </reporter-output>
        </test-method> <!-- test_FooterOption -->
        <test-method is-config="true" signature="teadDown()[pri:0, instance:testCases.TC_025_FooterOption@402bba4f]" started-at="2022-09-05T08:41:41 IST" name="teadDown" finished-at="2022-09-05T08:41:43 IST" duration-ms="1292" status="PASS">
          <reporter-output>
          </reporter-output>
        </test-method> <!-- teadDown -->
      </class> <!-- testCases.TC_025_FooterOption -->
      <class name="testCases.TC_017_Downloads">
        <test-method is-config="true" signature="setup(java.lang.String)[pri:0, instance:testCases.TC_017_Downloads@6973b51b]" started-at="2022-09-05T08:37:58 IST" name="setup" finished-at="2022-09-05T08:38:01 IST" duration-ms="2892" status="PASS">
          <params>
            <param index="0">
              <value>
                <![CDATA[chrome]]>
              </value>
            </param>
          </params>
          <reporter-output>
          </reporter-output>
        </test-method> <!-- setup -->
        <test-method signature="test_Downloads()[pri:0, instance:testCases.TC_017_Downloads@6973b51b]" started-at="2022-09-05T08:38:01 IST" name="test_Downloads" finished-at="2022-09-05T08:38:23 IST" duration-ms="21348" status="PASS">
          <reporter-output>
          </reporter-output>
        </test-method> <!-- test_Downloads -->
        <test-method is-config="true" signature="teadDown()[pri:0, instance:testCases.TC_017_Downloads@6973b51b]" started-at="2022-09-05T08:38:23 IST" name="teadDown" finished-at="2022-09-05T08:38:23 IST" duration-ms="203" status="PASS">
          <reporter-output>
          </reporter-output>
        </test-method> <!-- teadDown -->
      </class> <!-- testCases.TC_017_Downloads -->
      <class name="testCases.TC_008_ProductDisplayPage">
        <test-method is-config="true" signature="setup(java.lang.String)[pri:0, instance:testCases.TC_008_ProductDisplayPage@20ce78ec]" started-at="2022-09-05T08:31:24 IST" name="setup" finished-at="2022-09-05T08:31:26 IST" duration-ms="1935" status="PASS">
          <params>
            <param index="0">
              <value>
                <![CDATA[chrome]]>
              </value>
            </param>
          </params>
          <reporter-output>
          </reporter-output>
        </test-method> <!-- setup -->
        <test-method signature="test_productdisplaypage()[pri:0, instance:testCases.TC_008_ProductDisplayPage@20ce78ec]" started-at="2022-09-05T08:31:26 IST" name="test_productdisplaypage" finished-at="2022-09-05T08:32:03 IST" duration-ms="36765" status="PASS">
          <reporter-output>
          </reporter-output>
        </test-method> <!-- test_productdisplaypage -->
        <test-method is-config="true" signature="teadDown()[pri:0, instance:testCases.TC_008_ProductDisplayPage@20ce78ec]" started-at="2022-09-05T08:32:03 IST" name="teadDown" finished-at="2022-09-05T08:32:06 IST" duration-ms="2787" status="PASS">
          <reporter-output>
          </reporter-output>
        </test-method> <!-- teadDown -->
      </class> <!-- testCases.TC_008_ProductDisplayPage -->
      <class name="testCases.TC_006_AddToCart">
        <test-method is-config="true" signature="setup(java.lang.String)[pri:0, instance:testCases.TC_006_AddToCart@1dde4cb2]" started-at="2022-09-05T08:30:37 IST" name="setup" finished-at="2022-09-05T08:30:40 IST" duration-ms="2867" status="PASS">
          <params>
            <param index="0">
              <value>
                <![CDATA[chrome]]>
              </value>
            </param>
          </params>
          <reporter-output>
          </reporter-output>
        </test-method> <!-- setup -->
        <test-method signature="test_AddToCart()[pri:0, instance:testCases.TC_006_AddToCart@1dde4cb2]" started-at="2022-09-05T08:30:40 IST" name="test_AddToCart" finished-at="2022-09-05T08:30:58 IST" duration-ms="18006" status="PASS">
          <reporter-output>
          </reporter-output>
        </test-method> <!-- test_AddToCart -->
        <test-method is-config="true" signature="teadDown()[pri:0, instance:testCases.TC_006_AddToCart@1dde4cb2]" started-at="2022-09-05T08:30:58 IST" name="teadDown" finished-at="2022-09-05T08:30:59 IST" duration-ms="508" status="PASS">
          <reporter-output>
          </reporter-output>
        </test-method> <!-- teadDown -->
      </class> <!-- testCases.TC_006_AddToCart -->
      <class name="testCases.TC_020_Transactions">
        <test-method is-config="true" signature="setup(java.lang.String)[pri:0, instance:testCases.TC_020_Transactions@333291e3]" started-at="2022-09-05T08:38:59 IST" name="setup" finished-at="2022-09-05T08:39:01 IST" duration-ms="1829" status="PASS">
          <params>
            <param index="0">
              <value>
                <![CDATA[chrome]]>
              </value>
            </param>
          </params>
          <reporter-output>
          </reporter-output>
        </test-method> <!-- setup -->
        <test-method signature="test_Transactions()[pri:0, instance:testCases.TC_020_Transactions@333291e3]" started-at="2022-09-05T08:39:01 IST" name="test_Transactions" finished-at="2022-09-05T08:39:18 IST" duration-ms="17740" status="PASS">
          <reporter-output>
          </reporter-output>
        </test-method> <!-- test_Transactions -->
        <test-method is-config="true" signature="teadDown()[pri:0, instance:testCases.TC_020_Transactions@333291e3]" started-at="2022-09-05T08:39:18 IST" name="teadDown" finished-at="2022-09-05T08:39:19 IST" duration-ms="389" status="PASS">
          <reporter-output>
          </reporter-output>
        </test-method> <!-- teadDown -->
      </class> <!-- testCases.TC_020_Transactions -->
      <class name="testCases.TC_024_ContactUs">
        <test-method is-config="true" signature="setup(java.lang.String)[pri:0, instance:testCases.TC_024_ContactUs@6e171cd7]" started-at="2022-09-05T08:40:39 IST" name="setup" finished-at="2022-09-05T08:40:43 IST" duration-ms="3971" status="PASS">
          <params>
            <param index="0">
              <value>
                <![CDATA[chrome]]>
              </value>
            </param>
          </params>
          <reporter-output>
          </reporter-output>
        </test-method> <!-- setup -->
        <test-method signature="test_ContactUs()[pri:0, instance:testCases.TC_024_ContactUs@6e171cd7]" started-at="2022-09-05T08:40:43 IST" name="test_ContactUs" finished-at="2022-09-05T08:41:14 IST" duration-ms="31255" status="PASS">
          <reporter-output>
          </reporter-output>
        </test-method> <!-- test_ContactUs -->
        <test-method is-config="true" signature="teadDown()[pri:0, instance:testCases.TC_024_ContactUs@6e171cd7]" started-at="2022-09-05T08:41:14 IST" name="teadDown" finished-at="2022-09-05T08:41:15 IST" duration-ms="463" status="PASS">
          <reporter-output>
          </reporter-output>
        </test-method> <!-- teadDown -->
      </class> <!-- testCases.TC_024_ContactUs -->
      <class name="testCases.TC_018_RewardsPoint">
        <test-method is-config="true" signature="setup(java.lang.String)[pri:0, instance:testCases.TC_018_RewardsPoint@1ab3a8c8]" started-at="2022-09-05T08:38:23 IST" name="setup" finished-at="2022-09-05T08:38:24 IST" duration-ms="1703" status="PASS">
          <params>
            <param index="0">
              <value>
                <![CDATA[chrome]]>
              </value>
            </param>
          </params>
          <reporter-output>
          </reporter-output>
        </test-method> <!-- setup -->
        <test-method signature="test_RewardsPoint()[pri:0, instance:testCases.TC_018_RewardsPoint@1ab3a8c8]" started-at="2022-09-05T08:38:24 IST" name="test_RewardsPoint" finished-at="2022-09-05T08:38:39 IST" duration-ms="14503" status="PASS">
          <reporter-output>
          </reporter-output>
        </test-method> <!-- test_RewardsPoint -->
        <test-method is-config="true" signature="teadDown()[pri:0, instance:testCases.TC_018_RewardsPoint@1ab3a8c8]" started-at="2022-09-05T08:38:39 IST" name="teadDown" finished-at="2022-09-05T08:38:39 IST" duration-ms="225" status="PASS">
          <reporter-output>
          </reporter-output>
        </test-method> <!-- teadDown -->
      </class> <!-- testCases.TC_018_RewardsPoint -->
      <class name="testCases.TC_002_Login">
        <test-method is-config="true" signature="setup(java.lang.String)[pri:0, instance:testCases.TC_002_Login@5119fb47]" started-at="2022-09-05T08:28:01 IST" name="setup" finished-at="2022-09-05T08:28:06 IST" duration-ms="5738" status="PASS">
          <params>
            <param index="0">
              <value>
                <![CDATA[chrome]]>
              </value>
            </param>
          </params>
          <reporter-output>
          </reporter-output>
        </test-method> <!-- setup -->
        <test-method signature="test_Login()[pri:0, instance:testCases.TC_002_Login@5119fb47]" started-at="2022-09-05T08:28:06 IST" name="test_Login" finished-at="2022-09-05T08:28:33 IST" duration-ms="26762" status="PASS">
          <reporter-output>
          </reporter-output>
        </test-method> <!-- test_Login -->
        <test-method is-config="true" signature="teadDown()[pri:0, instance:testCases.TC_002_Login@5119fb47]" started-at="2022-09-05T08:28:33 IST" name="teadDown" finished-at="2022-09-05T08:28:33 IST" duration-ms="295" status="PASS">
          <reporter-output>
          </reporter-output>
        </test-method> <!-- teadDown -->
      </class> <!-- testCases.TC_002_Login -->
      <class name="testCases.TC_007_CompareProduct">
        <test-method is-config="true" signature="setup(java.lang.String)[pri:0, instance:testCases.TC_007_CompareProduct@7714e963]" started-at="2022-09-05T08:30:59 IST" name="setup" finished-at="2022-09-05T08:31:01 IST" duration-ms="2171" status="PASS">
          <params>
            <param index="0">
              <value>
                <![CDATA[chrome]]>
              </value>
            </param>
          </params>
          <reporter-output>
          </reporter-output>
        </test-method> <!-- setup -->
        <test-method signature="test_compareproduct()[pri:0, instance:testCases.TC_007_CompareProduct@7714e963]" started-at="2022-09-05T08:31:01 IST" name="test_compareproduct" finished-at="2022-09-05T08:31:23 IST" duration-ms="22359" status="PASS">
          <reporter-output>
          </reporter-output>
        </test-method> <!-- test_compareproduct -->
        <test-method is-config="true" signature="teadDown()[pri:0, instance:testCases.TC_007_CompareProduct@7714e963]" started-at="2022-09-05T08:31:23 IST" name="teadDown" finished-at="2022-09-05T08:31:24 IST" duration-ms="630" status="PASS">
          <reporter-output>
          </reporter-output>
        </test-method> <!-- teadDown -->
      </class> <!-- testCases.TC_007_CompareProduct -->
      <class name="testCases.TC_009_WishList">
        <test-method is-config="true" signature="setup(java.lang.String)[pri:0, instance:testCases.TC_009_WishList@393671df]" started-at="2022-09-05T08:32:06 IST" name="setup" finished-at="2022-09-05T08:32:09 IST" duration-ms="3431" status="PASS">
          <params>
            <param index="0">
              <value>
                <![CDATA[chrome]]>
              </value>
            </param>
          </params>
          <reporter-output>
          </reporter-output>
        </test-method> <!-- setup -->
        <test-method signature="test_wishlist()[pri:0, instance:testCases.TC_009_WishList@393671df]" started-at="2022-09-05T08:32:09 IST" name="test_wishlist" finished-at="2022-09-05T08:32:55 IST" duration-ms="46104" status="PASS">
          <reporter-output>
          </reporter-output>
        </test-method> <!-- test_wishlist -->
        <test-method is-config="true" signature="teadDown()[pri:0, instance:testCases.TC_009_WishList@393671df]" started-at="2022-09-05T08:32:55 IST" name="teadDown" finished-at="2022-09-05T08:32:56 IST" duration-ms="1161" status="PASS">
          <reporter-output>
          </reporter-output>
        </test-method> <!-- teadDown -->
      </class> <!-- testCases.TC_009_WishList -->
      <class name="testCases.TC_023_Affiliate">
        <test-method is-config="true" signature="setup(java.lang.String)[pri:0, instance:testCases.TC_023_Affiliate@498d318c]" started-at="2022-09-05T08:40:03 IST" name="setup" finished-at="2022-09-05T08:40:05 IST" duration-ms="2576" status="PASS">
          <params>
            <param index="0">
              <value>
                <![CDATA[chrome]]>
              </value>
            </param>
          </params>
          <reporter-output>
          </reporter-output>
        </test-method> <!-- setup -->
        <test-method signature="test_Affiliate()[pri:0, instance:testCases.TC_023_Affiliate@498d318c]" started-at="2022-09-05T08:40:05 IST" name="test_Affiliate" finished-at="2022-09-05T08:40:39 IST" duration-ms="33483" status="PASS">
          <reporter-output>
          </reporter-output>
        </test-method> <!-- test_Affiliate -->
        <test-method is-config="true" signature="teadDown()[pri:0, instance:testCases.TC_023_Affiliate@498d318c]" started-at="2022-09-05T08:40:39 IST" name="teadDown" finished-at="2022-09-05T08:40:39 IST" duration-ms="204" status="PASS">
          <reporter-output>
          </reporter-output>
        </test-method> <!-- teadDown -->
      </class> <!-- testCases.TC_023_Affiliate -->
    </test> <!-- Test -->
  </suite> <!-- Suite -->
</testng-results>
