<?xml version="1.0" encoding="UTF-8"?>
<!-- Generated by org.testng.reporters.JUnitXMLReporter -->
<testsuite ignored="6" hostname="DESKTOP-QUHMG70" failures="0" tests="3" name="Test2" time="0.126" errors="0" timestamp="2022-12-01T18:09:26 IST">
  <testcase classname="day37.Grouping" name="signupByFacebook" time="0.019"/>
  <testcase classname="day37.Grouping" name="signupTwitter" time="0.002"/>
  <testcase classname="day37.Grouping" name="paymentReturnByBank" time="0.002"/>
  <testcase classname="day37.Grouping" name="loginByFacebook" time="0.0">
    <ignored/>
  </testcase> <!-- loginByFacebook -->
  <testcase classname="day37.Grouping" name="loginByEmail" time="0.0">
    <ignored/>
  </testcase> <!-- loginByEmail -->
  <testcase classname="day37.Grouping" name="loginByTwitter" time="0.0">
    <ignored/>
  </testcase> <!-- loginByTwitter -->
  <testcase classname="day37.Grouping" name="paymentInDoller" time="0.0">
    <ignored/>
  </testcase> <!-- paymentInDoller -->
  <testcase classname="day37.Grouping" name="signupByEmail" time="0.0">
    <ignored/>
  </testcase> <!-- signupByEmail -->
  <testcase classname="day37.Grouping" name="paymentInRupees" time="0.0">
    <ignored/>
  </testcase> <!-- paymentInRupees -->
</testsuite> <!-- Test2 -->
