<?xml version="1.0" encoding="UTF-8"?>
<!-- Generated by org.testng.reporters.JUnitXMLReporter -->
<testsuite ignored="0" hostname="DESKTOP-QUHMG70" failures="0" tests="4" name="Test" time="29.891" errors="0" timestamp="2022-12-03T18:43:56 IST">
  <testcase classname="day39.extentreport.LoginTest" name="testLogo" time="0.393"/>
  <testcase classname="day39.extentreport.LoginTest" name="login" time="3.512"/>
  <testcase classname="day39.extentreport.LoginTest" name="logOut" time="5.208"/>
  <testcase classname="day39.extentreport.LoginTest" name="tearDown" time="0.923"/>
</testsuite> <!-- Test -->
