<?xml version="1.0" encoding="UTF-8"?>
<!-- Generated by org.testng.reporters.JUnitXMLReporter -->
<testsuite ignored="0" hostname="DESKTOP-QUHMG70" failures="0" tests="29" name="Test" time="939.53" errors="0" timestamp="2022-09-05T08:42:26 IST">
  <testcase classname="testBase.BaseClass" name="@AfterClass teadDown" time="0.028">
    <failure type="org.openqa.selenium.UnhandledAlertException" message="unexpected alert open: {Alert text : SyntaxError: Unexpected token &amp;apos;&amp;lt;&amp;apos;, &amp;quot;&amp;lt;b&amp;gt;Warning&amp;quot;... is not valid JSON
OK
&amp;lt;b&amp;gt;Warning&amp;lt;/b&amp;gt;: mail(): Failed to connect to mailserver at &amp;amp;quot;localhost&amp;amp;quot; port 25, verify your &amp;amp;quot;SMTP&amp;amp;quot; and &amp;amp;quot;smtp_port&amp;amp;quot; setting in php.ini or use ini_set() in &amp;lt;b&amp;gt;C:\xampp\htdocs\opencart\upload\system\library\mail\mail.php&amp;lt;/b&amp;gt; on line &amp;lt;b&amp;gt;77&amp;lt;/b&amp;gt;&amp;lt;b&amp;gt;Warning&amp;lt;/b&amp;gt;: mail(): Failed to connect to mailserver at &amp;amp;quot;localhost&amp;amp;quot; port 25, verify your &amp;amp;quot;SMTP&amp;amp;quot; and &amp;amp;quot;smtp_port&amp;amp;quot; setting in php.ini or use ini_set() in &amp;lt;b&amp;gt;C:\xampp\htdocs\opencart\upload\system\library\mail\mail.php&amp;lt;/b&amp;gt; on line &amp;lt;b&amp;gt;77&amp;lt;/b&amp;gt;{&amp;quot;redirect&amp;quot;:&amp;quot;http:\/\/localhost\/opencart\/upload\/index.php?route=checkout\/success&amp;quot;}}
  (Session info: chrome=104.0.5112.102): SyntaxError: Unexpected token &amp;apos;&amp;lt;&amp;apos;, &amp;quot;&amp;lt;b&amp;gt;Warning&amp;quot;... is not valid JSON
OK
&amp;lt;b&amp;gt;Warning&amp;lt;/b&amp;gt;: mail(): Failed to connect to mailserver at &amp;amp;quot;localhost&amp;amp;quot; port 25, verify your &amp;amp;quot;SMTP&amp;amp;quot; and &amp;amp;quot;smtp_port&amp;amp;quot; setting in php.ini or use ini_set() in &amp;lt;b&amp;gt;C:\xampp\htdocs\opencart\upload\system\library\mail\mail.php&amp;lt;/b&amp;gt; on line &amp;lt;b&amp;gt;77&amp;lt;/b&amp;gt;&amp;lt;b&amp;gt;Warning&amp;lt;/b&amp;gt;: mail(): Failed to connect to mailserver at &amp;amp;quot;localhost&amp;amp;quot; port 25, verify your &amp;amp;quot;SMTP&amp;amp;quot; and &amp;amp;quot;smtp_port&amp;amp;quot; setting in php.ini or use ini_set() in &amp;lt;b&amp;gt;C:\xampp\htdocs\opencart\upload\system\library\mail\mail.php&amp;lt;/b&amp;gt; on line &amp;lt;b&amp;gt;77&amp;lt;/b&amp;gt;{&amp;quot;redirect&amp;quot;:&amp;quot;http:\/\/localhost\/opencart\/upload\/index.php?route=checkout\/success&amp;quot;}
Build info: version: &amp;apos;4.1.4&amp;apos;, revision: &amp;apos;535d840ee2&amp;apos;
System info: host: &amp;apos;DESKTOP-QUHMG70&amp;apos;, ip: &amp;apos;192.168.250.176&amp;apos;, os.name: &amp;apos;Windows 10&amp;apos;, os.arch: &amp;apos;amd64&amp;apos;, os.version: &amp;apos;10.0&amp;apos;, java.version: &amp;apos;17.0.2&amp;apos;
Driver info: org.openqa.selenium.chrome.ChromeDriver
Command: [45c5fcc23fb05d4e058f33ffd393607e, close {}]
Capabilities {acceptInsecureCerts: false, browserName: chrome, browserVersion: 104.0.5112.102, chrome: {chromedriverVersion: 104.0.5112.79 (3cf3e8c8a07d..., userDataDir: C:\Users\Hp\AppData\Local\T...}, goog:chromeOptions: {debuggerAddress: localhost:25388}, javascriptEnabled: true, networkConnectionEnabled: false, pageLoadStrategy: normal, platform: WINDOWS, platformName: WINDOWS, proxy: Proxy(), se:cdp: ws://localhost:25388/devtoo..., se:cdpVersion: 104.0.5112.102, setWindowRect: true, strictFileInteractability: false, timeouts: {implicit: 0, pageLoad: 300000, script: 30000}, unhandledPromptBehavior: dismiss and notify, webauthn:extension:credBlob: true, webauthn:extension:largeBlob: true, webauthn:virtualAuthenticators: true}
Session ID: 45c5fcc23fb05d4e058f33ffd393607e">
      <![CDATA[org.openqa.selenium.UnhandledAlertException: unexpected alert open: {Alert text : SyntaxError: Unexpected token '<', "<b>Warning"... is not valid JSON
OK
<b>Warning</b>: mail(): Failed to connect to mailserver at &quot;localhost&quot; port 25, verify your &quot;SMTP&quot; and &quot;smtp_port&quot; setting in php.ini or use ini_set() in <b>C:\xampp\htdocs\opencart\upload\system\library\mail\mail.php</b> on line <b>77</b><b>Warning</b>: mail(): Failed to connect to mailserver at &quot;localhost&quot; port 25, verify your &quot;SMTP&quot; and &quot;smtp_port&quot; setting in php.ini or use ini_set() in <b>C:\xampp\htdocs\opencart\upload\system\library\mail\mail.php</b> on line <b>77</b>{"redirect":"http:\/\/localhost\/opencart\/upload\/index.php?route=checkout\/success"}}
  (Session info: chrome=104.0.5112.102): SyntaxError: Unexpected token '<', "<b>Warning"... is not valid JSON
OK
<b>Warning</b>: mail(): Failed to connect to mailserver at &quot;localhost&quot; port 25, verify your &quot;SMTP&quot; and &quot;smtp_port&quot; setting in php.ini or use ini_set() in <b>C:\xampp\htdocs\opencart\upload\system\library\mail\mail.php</b> on line <b>77</b><b>Warning</b>: mail(): Failed to connect to mailserver at &quot;localhost&quot; port 25, verify your &quot;SMTP&quot; and &quot;smtp_port&quot; setting in php.ini or use ini_set() in <b>C:\xampp\htdocs\opencart\upload\system\library\mail\mail.php</b> on line <b>77</b>{"redirect":"http:\/\/localhost\/opencart\/upload\/index.php?route=checkout\/success"}
Build info: version: '4.1.4', revision: '535d840ee2'
System info: host: 'DESKTOP-QUHMG70', ip: '192.168.250.176', os.name: 'Windows 10', os.arch: 'amd64', os.version: '10.0', java.version: '17.0.2'
Driver info: org.openqa.selenium.chrome.ChromeDriver
Command: [45c5fcc23fb05d4e058f33ffd393607e, close {}]
Capabilities {acceptInsecureCerts: false, browserName: chrome, browserVersion: 104.0.5112.102, chrome: {chromedriverVersion: 104.0.5112.79 (3cf3e8c8a07d..., userDataDir: C:\Users\Hp\AppData\Local\T...}, goog:chromeOptions: {debuggerAddress: localhost:25388}, javascriptEnabled: true, networkConnectionEnabled: false, pageLoadStrategy: normal, platform: WINDOWS, platformName: WINDOWS, proxy: Proxy(), se:cdp: ws://localhost:25388/devtoo..., se:cdpVersion: 104.0.5112.102, setWindowRect: true, strictFileInteractability: false, timeouts: {implicit: 0, pageLoad: 300000, script: 30000}, unhandledPromptBehavior: dismiss and notify, webauthn:extension:credBlob: true, webauthn:extension:largeBlob: true, webauthn:virtualAuthenticators: true}
Session ID: 45c5fcc23fb05d4e058f33ffd393607e
at org.openqa.selenium.remote.codec.w3c.W3CHttpResponseCodec.decode(W3CHttpResponseCodec.java:131)
at org.openqa.selenium.remote.codec.w3c.W3CHttpResponseCodec.decode(W3CHttpResponseCodec.java:53)
at org.openqa.selenium.remote.HttpCommandExecutor.execute(HttpCommandExecutor.java:184)
at org.openqa.selenium.remote.service.DriverCommandExecutor.invokeExecute(DriverCommandExecutor.java:167)
at org.openqa.selenium.remote.service.DriverCommandExecutor.execute(DriverCommandExecutor.java:142)
at org.openqa.selenium.remote.RemoteWebDriver.execute(RemoteWebDriver.java:567)
at org.openqa.selenium.remote.RemoteWebDriver.execute(RemoteWebDriver.java:622)
at org.openqa.selenium.remote.RemoteWebDriver.execute(RemoteWebDriver.java:626)
at org.openqa.selenium.remote.RemoteWebDriver.close(RemoteWebDriver.java:452)
at testBase.BaseClass.teadDown(BaseClass.java:68)
at java.base/java.util.ArrayList.forEach(ArrayList.java:1511)
... Removed 25 stack frames]]>
    </failure>
  </testcase> <!-- @AfterClass teadDown -->
  <testcase classname="testCases.TC_001_AccountRegistrationPage" name="test_Account_Registration" time="51.791"/>
  <testcase classname="testCases.TC_002_Login" name="test_Login" time="26.762"/>
  <testcase classname="testCases.TC_003_LoginDDT" name="test_LoginDDT" time="9.272"/>
  <testcase classname="testCases.TC_003_LoginDDT" name="test_LoginDDT" time="14.619"/>
  <testcase classname="testCases.TC_003_LoginDDT" name="test_LoginDDT" time="13.866"/>
  <testcase classname="testCases.TC_003_LoginDDT" name="test_LoginDDT" time="12.818"/>
  <testcase classname="testCases.TC_004_Search" name="test_search" time="26.133"/>
  <testcase classname="testCases.TC_005_Forgot_Password" name="test_Forgot_Password" time="29.684"/>
  <testcase classname="testCases.TC_006_AddToCart" name="test_AddToCart" time="18.006"/>
  <testcase classname="testCases.TC_007_CompareProduct" name="test_compareproduct" time="22.359"/>
  <testcase classname="testCases.TC_008_ProductDisplayPage" name="test_productdisplaypage" time="36.765"/>
  <testcase classname="testCases.TC_009_WishList" name="test_wishlist" time="46.104"/>
  <testcase classname="testCases.TC_010_ShoppingCart" name="test_ShoppingCart" time="78.317"/>
  <testcase classname="testCases.TC_011_Checkout" name="test_Checkout" time="50.082"/>
  <testcase classname="testCases.TC_012_MyAccount" name="test_MyAccount" time="33.077"/>
  <testcase classname="testCases.TC_013_MyAccountInformation" name="test_MyAccountInformation" time="26.682"/>
  <testcase classname="testCases.TC_014_ChangePassword" name="test_Change_password" time="34.231"/>
  <testcase classname="testCases.TC_015_AddressBook" name="test_AddressBook" time="31.156"/>
  <testcase classname="testCases.TC_016_Order_History" name="test_Order_History" time="27.261"/>
  <testcase classname="testCases.TC_017_Downloads" name="test_Downloads" time="21.348"/>
  <testcase classname="testCases.TC_018_RewardsPoint" name="test_RewardsPoint" time="14.503"/>
  <testcase classname="testCases.TC_019_ReturnRequest" name="test_ReturnRequest" time="17.621"/>
  <testcase classname="testCases.TC_020_Transactions" name="test_Transactions" time="17.74"/>
  <testcase classname="testCases.TC_021_RecurringPayment" name="test_RecurringPayment" time="16.632"/>
  <testcase classname="testCases.TC_022_NewsLetter" name="test_NewsLetter" time="21.753"/>
  <testcase classname="testCases.TC_023_Affiliate" name="test_Affiliate" time="33.483"/>
  <testcase classname="testCases.TC_024_ContactUs" name="test_ContactUs" time="31.255"/>
  <testcase classname="testCases.TC_025_FooterOption" name="test_FooterOption" time="25.093"/>
  <testcase classname="testCases.TC_027_GiftCertificate" name="test_GiftCertificate" time="39.292"/>
</testsuite> <!-- Test -->
