<?xml version="1.0" encoding="UTF-8"?>
<!-- Generated by org.testng.reporters.JUnitXMLReporter -->
<testsuite ignored="0" hostname="DESKTOP-QUHMG70" failures="1" tests="2" name="MyTest" time="31.454" errors="0" timestamp="2022-12-02T22:06:27 IST">
  <testcase classname="day38.ParametreTest" name="testLogo" time="0.086">
    <failure type="java.lang.AssertionError" message="null">
      <![CDATA[java.lang.AssertionError: null
at day38.ParametreTest.testLogo(ParametreTest.java:38)
at java.base/java.util.ArrayList.forEach(ArrayList.java:1511)
... Removed 29 stack frames]]>
    </failure>
  </testcase> <!-- testLogo -->
  <testcase classname="day38.ParametreTest" name="testTitle" time="0.022"/>
</testsuite> <!-- MyTest -->
