<?xml version="1.0" encoding="UTF-8"?>
<!-- Generated by org.testng.reporters.JUnitXMLReporter -->
<testsuite ignored="0" hostname="DESKTOP-QUHMG70" failures="0" tests="28" name="Test" time="1214.975" errors="0" timestamp="2022-12-12T10:37:15 IST">
  <testcase classname="testCases.TC_001_AccountRegistrationPage" name="test_Account_Registration" time="20.921"/>
  <testcase classname="testCases.TC_002_Login" name="test_Login" time="17.315"/>
  <testcase classname="testCases.TC_003_LoginDDT" name="test_LoginDDT" time="19.164"/>
  <testcase classname="testCases.TC_003_LoginDDT" name="test_LoginDDT" time="13.614"/>
  <testcase classname="testCases.TC_003_LoginDDT" name="test_LoginDDT" time="16.314"/>
  <testcase classname="testCases.TC_003_LoginDDT" name="test_LoginDDT" time="18.966"/>
  <testcase classname="testCases.TC_004_Search" name="test_search" time="36.272"/>
  <testcase classname="testCases.TC_005_Forgot_Password" name="test_Forgot_Password" time="33.134"/>
  <testcase classname="testCases.TC_006_AddToCart" name="test_AddToCart" time="30.469"/>
  <testcase classname="testCases.TC_007_CompareProduct" name="test_compareproduct" time="34.862"/>
  <testcase classname="testCases.TC_008_ProductDisplayPage" name="test_productdisplaypage" time="56.583"/>
  <testcase classname="testCases.TC_009_WishList" name="test_wishlist" time="64.415"/>
  <testcase classname="testCases.TC_010_ShoppingCart" name="test_ShoppingCart" time="106.025"/>
  <testcase classname="testCases.TC_012_MyAccount" name="test_MyAccount" time="39.649"/>
  <testcase classname="testCases.TC_013_MyAccountInformation" name="test_MyAccountInformation" time="34.237"/>
  <testcase classname="testCases.TC_014_ChangePassword" name="test_Change_password" time="30.751"/>
  <testcase classname="testCases.TC_015_AddressBook" name="test_AddressBook" time="37.617"/>
  <testcase classname="testCases.TC_016_Order_History" name="test_Order_History" time="29.103"/>
  <testcase classname="testCases.TC_017_Downloads" name="test_Downloads" time="31.054"/>
  <testcase classname="testCases.TC_018_RewardsPoint" name="test_RewardsPoint" time="15.869"/>
  <testcase classname="testCases.TC_019_ReturnRequest" name="test_ReturnRequest" time="16.418"/>
  <testcase classname="testCases.TC_020_Transactions" name="test_Transactions" time="15.763"/>
  <testcase classname="testCases.TC_021_RecurringPayment" name="test_RecurringPayment" time="14.014"/>
  <testcase classname="testCases.TC_022_NewsLetter" name="test_NewsLetter" time="21.655"/>
  <testcase classname="testCases.TC_023_Affiliate" name="test_Affiliate" time="38.442"/>
  <testcase classname="testCases.TC_024_ContactUs" name="test_ContactUs" time="25.703"/>
  <testcase classname="testCases.TC_025_FooterOption" name="test_FooterOption" time="21.524"/>
  <testcase classname="testCases.TC_027_GiftCertificate" name="test_GiftCertificate" time="39.771"/>
</testsuite> <!-- Test -->
