<?xml version="1.0" encoding="UTF-8"?>
<!-- Generated by org.testng.reporters.JUnitXMLReporter -->
<testsuite ignored="0" hostname="DESKTOP-QUHMG70" failures="0" tests="4" name="ExtentTest" time="18.36" errors="0" timestamp="2022-12-03T19:03:13 IST">
  <testcase classname="day39.extentreport.LoginTest" name="testLogo" time="0.112"/>
  <testcase classname="day39.extentreport.LoginTest" name="login" time="2.781"/>
  <testcase classname="day39.extentreport.LoginTest" name="logOut" time="5.582"/>
  <testcase classname="day39.extentreport.LoginTest" name="tearDown" time="0.538"/>
</testsuite> <!-- ExtentTest -->
